[-5.8501720942015805, 5.558939790995723, 4.2203939036258244, -3.918895588169253, -0.07303860652894478, -0.80814296338019, 2.4254875635642072, 4.619573618168211, -6.498246611612242, -7.546440375647899, 5.372241662717915, -1.075726913519146, 4.196481319327072, -7.966303146382229, -0.8738048951231772, 3.544640517452521, -4.339804459672758, 7.124331128862757, 6.422839321783737, -7.510560271463143]
trH2:= 139270197.801
136779829.801
trH2:= 139270197.801
i 0
i 1
i 2
38.0012869835 Seconds, Left
3
2
1
36.7369420528 Seconds, Right
136779829.801
i 0
136779829.801 L
i 0
136779829.801 L
1.13966298103 Seconds, L
i= 0 0
136779829.801 M
i= 0 1
136779829.801 M
i= 0 2
136779829.801 M
i= 0 3
136779829.801 M
i= 0 4
136779829.801 M
i= 0 5
136779829.801 M
i= 0 6
136779829.801 M
i= 0 7
136779829.801 M
146.559807062 Seconds, M
j= 0
136779829.801 R
j= 0
136779829.801 R
j= 0
136779829.801 R
1.30040407181 Seconds, R

q_MERA_ternary= 0 

[-5.8501720942015805, 5.558939790995723, 4.2203939036258244, -3.918895588169253, -0.07303860652894478, -0.80814296338019, 2.4254875635642072, 4.619573618168211, -6.498246611612242, -7.546440375647899, 5.372241662717915, -1.075726913519146, 4.196481319327072, -7.966303146382229, -0.8738048951231772, 3.544640517452521, -4.339804459672758, 7.124331128862757, 6.422839321783737, -7.510560271463143]
trH2= 139270197.801

trH2= 139270197.801
E_0 =  136779829.801 

L_position, L, L_lay 0 8 0
E_s= 136779829.801 
E_f= 136928887.713
L_position, L, L_lay 0 8 1
E_s= 136928887.713 
E_f= 137005932.307
L_position, L, L_lay 1 8 0
E_s= 137005932.307 
E_f= 137006484.995
L_position, L, L_lay 1 8 1
E_s= 137006484.995 
E_f= 137011486.742
L_position, L, L_lay 1 8 2
E_s= 137011486.742 
E_f= 137012841.534
L_position, L, L_lay 1 8 3
E_s= 137012841.534 
E_f= 137025739.728
L_position, L, L_lay 1 8 4
E_s= 137025739.728 
E_f= 137035933.284
L_position, L, L_lay 1 8 5
E_s= 137035933.284 
E_f= 137123553.961
L_position, L, L_lay 1 8 6
E_s= 137123553.961 
E_f= 137145746.175
L_position, L, L_lay 1 8 7
E_s= 137145746.175 
E_f= 137297512.795
L_position, L, L_lay 2 8 0
E_s= 137297512.795 
E_f= 137335184.421
L_position, L, L_lay 2 8 1
E_s= 137335184.421 
E_f= 137433569.136
L_position, L, L_lay 2 8 2
E_s= 137433569.136 
E_f= 137452168.713
L_position, L, L_lay 2 8 3
E_s= 137452168.713 
E_f= 137472072.809
L_position, L, L_lay 2 8 4
E_s= 137472072.809 
E_f= 137498212.618
L_position, L, L_lay 2 8 5
E_s= 137498212.618 
E_f= 137544875.495
L_position, L, L_lay 2 8 6
E_s= 137544875.495 
E_f= 137597729.924
L_position, L, L_lay 2 8 7
E_s= 137597729.924 
E_f= 137739389.917
L_position, L, L_lay 3 8 0
E_s= 137739389.917 
E_f= 137945560.184
L_position, L, L_lay 3 8 1
E_s= 137945560.184 
E_f= 138002698.412
L_position, L, L_lay 3 8 2
E_s= 138002698.412 
E_f= 138018958.636
count= 1 Accuracy= 1.0 E0= 0 E1= 138018958.636    139270197.801 Loop_iter= 0 Count_list= 21 Variance= 1.1932746548
L_position, L, L_lay 0 8 0
E_s= 138018958.636 
E_f= 138047936.838
L_position, L, L_lay 0 8 1
E_s= 138047936.838 
E_f= 138073921.184
L_position, L, L_lay 1 8 0
E_s= 138073921.184 
E_f= 138074510.226
L_position, L, L_lay 1 8 1
E_s= 138074510.226 
E_f= 138079054.902
L_position, L, L_lay 1 8 2
E_s= 138079054.902 
E_f= 138080334.474
L_position, L, L_lay 1 8 3
E_s= 138080334.474 
E_f= 138089241.487
L_position, L, L_lay 1 8 4
E_s= 138089241.487 
E_f= 138097081.426
L_position, L, L_lay 1 8 5
E_s= 138097081.426 
E_f= 138106169.862
L_position, L, L_lay 1 8 6
E_s= 138106169.862 
E_f= 138122483.078
L_position, L, L_lay 1 8 7
E_s= 138122483.078 
E_f= 138141599.52
L_position, L, L_lay 2 8 0
E_s= 138141599.52 
E_f= 138160389.345
L_position, L, L_lay 2 8 1
E_s= 138160389.345 
E_f= 138166323.98
L_position, L, L_lay 2 8 2
E_s= 138166323.98 
E_f= 138179759.836
L_position, L, L_lay 2 8 3
E_s= 138179759.836 
E_f= 138179959.209
L_position, L, L_lay 2 8 4
E_s= 138179959.209 
E_f= 138193042.059
L_position, L, L_lay 2 8 5
E_s= 138193042.059 
E_f= 138211910.444
L_position, L, L_lay 2 8 6
E_s= 138211910.444 
E_f= 138236121.79
L_position, L, L_lay 2 8 7
E_s= 138236121.79 
E_f= 138288815.529
L_position, L, L_lay 3 8 0
E_s= 138288815.529 
E_f= 138300958.152
L_position, L, L_lay 3 8 1
E_s= 138300958.152 
E_f= 138314446.214
L_position, L, L_lay 3 8 2
E_s= 138314446.214 
E_f= 138315723.022
count= 2 Accuracy= 0.00214555785219 E0= 138018958.636 E1= 138315723.022    139270197.801 Loop_iter= 1 Count_list= 42 Variance= 0.910258082222

trH2= 139270197.801
E_0 =  136779829.801 

L_position, L, L_lay 0 10 0
E_s= 136779829.801 
E_f= 136928887.713
L_position, L, L_lay 0 10 1
E_s= 136928887.713 
E_f= 137005932.307
L_position, L, L_lay 1 10 0
E_s= 137005932.307 
E_f= 137006484.995
L_position, L, L_lay 1 10 1
E_s= 137006484.995 
E_f= 137011486.742
L_position, L, L_lay 1 10 2
E_s= 137011486.742 
E_f= 137024385.059
L_position, L, L_lay 1 10 3
E_s= 137024385.059 
E_f= 137034578.713
L_position, L, L_lay 1 10 4
E_s= 137034578.713 
E_f= 137056784.832
L_position, L, L_lay 1 10 5
E_s= 137056784.832 
E_f= 137158672.051
L_position, L, L_lay 2 10 0
E_s= 137158672.051 
E_f= 137159996.93
L_position, L, L_lay 2 10 1
E_s= 137159996.93 
E_f= 137197609.731
L_position, L, L_lay 2 10 2
E_s= 137197609.731 
E_f= 137226395.727
L_position, L, L_lay 2 10 3
E_s= 137226395.727 
E_f= 137331231.228
L_position, L, L_lay 2 10 4
E_s= 137331231.228 
E_f= 137363809.912
L_position, L, L_lay 2 10 5
E_s= 137363809.912 
E_f= 137421963.678
L_position, L, L_lay 3 10 0
E_s= 137421963.678 
E_f= 137520418.923
L_position, L, L_lay 3 10 1
E_s= 137520418.923 
E_f= 137539007.327
L_position, L, L_lay 3 10 2
E_s= 137539007.327 
E_f= 137559838.935
L_position, L, L_lay 3 10 3
E_s= 137559838.935 
E_f= 137606482.757
L_position, L, L_lay 3 10 4
E_s= 137606482.757 
E_f= 137677652.717
L_position, L, L_lay 3 10 5
E_s= 137677652.717 
E_f= 137765614.426
L_position, L, L_lay 4 10 0
E_s= 137765614.426 
E_f= 137971762.784
L_position, L, L_lay 4 10 1
E_s= 137971762.784 
E_f= 138029222.141
L_position, L, L_lay 4 10 2
E_s= 138029222.141 
E_f= 138045489.29
count= 1 Accuracy= 1.0 E0= 0 E1= 138045489.29    139270197.801 Loop_iter= 0 Count_list= 23 Variance= 1.16797305192
L_position, L, L_lay 0 10 0
E_s= 138045489.29 
E_f= 138074463.101
L_position, L, L_lay 0 10 1
E_s= 138074463.101 
E_f= 138100443.977
L_position, L, L_lay 1 10 0
E_s= 138100443.977 
E_f= 138101032.453
L_position, L, L_lay 1 10 1
E_s= 138101032.453 
E_f= 138105568.982
L_position, L, L_lay 1 10 2
E_s= 138105568.982 
E_f= 138114473.906
L_position, L, L_lay 1 10 3
E_s= 138114473.906 
E_f= 138122362.627
L_position, L, L_lay 1 10 4
E_s= 138122362.627 
E_f= 138138721.263
L_position, L, L_lay 1 10 5
E_s= 138138721.263 
E_f= 138153683.941
L_position, L, L_lay 2 10 0
E_s= 138153683.941 
E_f= 138154978.597
L_position, L, L_lay 2 10 1
E_s= 138154978.597 
E_f= 138173781.612
L_position, L, L_lay 2 10 2
E_s= 138173781.612 
E_f= 138174808.558
L_position, L, L_lay 2 10 3
E_s= 138174808.558 
E_f= 138175588.705
L_position, L, L_lay 2 10 4
E_s= 138175588.705 
E_f= 138178398.472
L_position, L, L_lay 2 10 5
E_s= 138178398.472 
E_f= 138205441.697
L_position, L, L_lay 3 10 0
E_s= 138205441.697 
E_f= 138211416.645
L_position, L, L_lay 3 10 1
E_s= 138211416.645 
E_f= 138224863.828
L_position, L, L_lay 3 10 2
E_s= 138224863.828 
E_f= 138235293.54
L_position, L, L_lay 3 10 3
E_s= 138235293.54 
E_f= 138247433.155
L_position, L, L_lay 3 10 4
E_s= 138247433.155 
E_f= 138265263.507
L_position, L, L_lay 3 10 5
E_s= 138265263.507 
E_f= 138300660.274
L_position, L, L_lay 4 10 0
E_s= 138300660.274 
E_f= 138312809.151
L_position, L, L_lay 4 10 1
E_s= 138312809.151 
E_f= 138326484.503
L_position, L, L_lay 4 10 2
E_s= 138326484.503 
E_f= 138327761.642
count= 2 Accuracy= 0.00204060521765 E0= 138045489.29 E1= 138327761.642    139270197.801 Loop_iter= 1 Count_list= 46 Variance= 0.898777159442

trH2= 139270197.801
 E_0=  136779829.801 

L_position, L, L_lay 0 20 0
E_s= 136779829.801 
E_f= 136870366.703
L_position, L, L_lay 0 20 1
E_s= 136870366.703 
E_f= 136872382.486
L_position, L, L_lay 0 20 2
E_s= 136872382.486 
E_f= 136900328.801
L_position, L, L_lay 0 20 3
E_s= 136900328.801 
E_f= 136902333.828
L_position, L, L_lay 0 20 4
E_s= 136902333.828 
E_f= 136910893.19
L_position, L, L_lay 1 20 0
E_s= 136910893.19 
E_f= 136965924.971
L_position, L, L_lay 1 20 1
E_s= 136965924.971 
E_f= 136980464.885
L_position, L, L_lay 1 20 2
E_s= 136980464.885 
E_f= 137012373.203
L_position, L, L_lay 1 20 3
E_s= 137012373.203 
E_f= 137025371.776
L_position, L, L_lay 1 20 4
E_s= 137025371.776 
E_f= 137043760.588
L_position, L, L_lay 2 20 0
E_s= 137043760.588 
E_f= 137044321.551
L_position, L, L_lay 2 20 1
E_s= 137044321.551 
E_f= 137054540.755
L_position, L, L_lay 2 20 2
E_s= 137054540.755 
E_f= 137055110.963
L_position, L, L_lay 2 20 3
E_s= 137055110.963 
E_f= 137064569.225
L_position, L, L_lay 2 20 4
E_s= 137064569.225 
E_f= 137065147.899
L_position, L, L_lay 3 20 0
E_s= 137065147.899 
E_f= 137070097.495
L_position, L, L_lay 3 20 1
E_s= 137070097.495 
E_f= 137157730.023
L_position, L, L_lay 3 20 2
E_s= 137157730.023 
E_f= 137162568.105
L_position, L, L_lay 3 20 3
E_s= 137162568.105 
E_f= 137191447.414
L_position, L, L_lay 3 20 4
E_s= 137191447.414 
E_f= 137196130.326
L_position, L, L_lay 4 20 0
E_s= 137196130.326 
E_f= 137197457.16
L_position, L, L_lay 4 20 1
E_s= 137197457.16 
E_f= 137302226.437
L_position, L, L_lay 4 20 2
E_s= 137302226.437 
E_f= 137303567.259
L_position, L, L_lay 4 20 3
E_s= 137303567.259 
E_f= 137324372.554
L_position, L, L_lay 4 20 4
E_s= 137324372.554 
E_f= 137325703.393
L_position, L, L_lay 5 20 0
E_s= 137325703.393 
E_f= 137363328.752
L_position, L, L_lay 5 20 1
E_s= 137363328.752 
E_f= 137389356.644
L_position, L, L_lay 5 20 2
E_s= 137389356.644 
E_f= 137416279.738
L_position, L, L_lay 5 20 3
E_s= 137416279.738 
E_f= 137437212.633
L_position, L, L_lay 5 20 4
E_s= 137437212.633 
E_f= 137456341.406
L_position, L, L_lay 6 20 0
E_s= 137456341.406 
E_f= 137554853.127
L_position, L, L_lay 6 20 1
E_s= 137554853.127 
E_f= 137601585.105
L_position, L, L_lay 6 20 2
E_s= 137601585.105 
E_f= 137625896.016
L_position, L, L_lay 6 20 3
E_s= 137625896.016 
E_f= 137655947.657
L_position, L, L_lay 6 20 4
E_s= 137655947.657 
E_f= 137661859.069
L_position, L, L_lay 7 20 0
E_s= 137661859.069 
E_f= 137680295.584
L_position, L, L_lay 7 20 1
E_s= 137680295.584 
E_f= 137732465.443
L_position, L, L_lay 7 20 2
E_s= 137732465.443 
E_f= 137748391.675
L_position, L, L_lay 7 20 3
E_s= 137748391.675 
E_f= 137779793.41
L_position, L, L_lay 7 20 4
E_s= 137779793.41 
E_f= 137793494.75
L_position, L, L_lay 8 20 0
E_s= 137793494.75 
E_f= 137884705.106
L_position, L, L_lay 8 20 1
E_s= 137884705.106 
E_f= 137885324.877
L_position, L, L_lay 8 20 2
E_s= 137885324.877 
E_f= 137912911.514
L_position, L, L_lay 8 20 3
E_s= 137912911.514 
E_f= 137913538.686
L_position, L, L_lay 8 20 4
E_s= 137913538.686 
E_f= 137921806.32
L_position, L, L_lay 9 20 0
E_s= 137921806.32 
E_f= 138034275.289
L_position, L, L_lay 9 20 2
E_s= 138034275.289 
E_f= 138050113.474
L_position, L, L_lay 9 20 4
E_s= 138050113.474 
E_f= 138052328.179
count= 1 Accuracy= 1.0 E0= 0 E1= 138052328.179    139270197.801 Loop_iter= 0 Count_list= 48 Variance= 1.16145097872
L_position, L, L_lay 0 20 0
E_s= 138052328.179 
E_f= 138054936.223
L_position, L, L_lay 0 20 1
E_s= 138054936.223 
E_f= 138056827.495
L_position, L, L_lay 0 20 2
E_s= 138056827.495 
E_f= 138057629.47
L_position, L, L_lay 0 20 3
E_s= 138057629.47 
E_f= 138059503.187
L_position, L, L_lay 0 20 4
E_s= 138059503.187 
E_f= 138059748.55
L_position, L, L_lay 1 20 0
E_s= 138059748.55 
E_f= 138070239.317
L_position, L, L_lay 1 20 1
E_s= 138070239.317 
E_f= 138081732.534
L_position, L, L_lay 1 20 2
E_s= 138081732.534 
E_f= 138087764.915
L_position, L, L_lay 1 20 3
E_s= 138087764.915 
E_f= 138097992.817
L_position, L, L_lay 1 20 4
E_s= 138097992.817 
E_f= 138101454.771
L_position, L, L_lay 2 20 0
E_s= 138101454.771 
E_f= 138102039.441
L_position, L, L_lay 2 20 1
E_s= 138102039.441 
E_f= 138110663.162
L_position, L, L_lay 2 20 2
E_s= 138110663.162 
E_f= 138111257.17
L_position, L, L_lay 2 20 3
E_s= 138111257.17 
E_f= 138119227.943
L_position, L, L_lay 2 20 4
E_s= 138119227.943 
E_f= 138119830.83
L_position, L, L_lay 3 20 0
E_s= 138119830.83 
E_f= 138124233.285
L_position, L, L_lay 3 20 1
E_s= 138124233.285 
E_f= 138133637.434
L_position, L, L_lay 3 20 2
E_s= 138133637.434 
E_f= 138137906.957
L_position, L, L_lay 3 20 3
E_s= 138137906.957 
E_f= 138140995.583
L_position, L, L_lay 3 20 4
E_s= 138140995.583 
E_f= 138145126.819
L_position, L, L_lay 4 20 0
E_s= 138145126.819 
E_f= 138146440.645
L_position, L, L_lay 4 20 1
E_s= 138146440.645 
E_f= 138150484.797
L_position, L, L_lay 4 20 2
E_s= 138150484.797 
E_f= 138151787.253
L_position, L, L_lay 4 20 3
E_s= 138151787.253 
E_f= 138152578.906
L_position, L, L_lay 4 20 4
E_s= 138152578.906 
E_f= 138153870.444
L_position, L, L_lay 5 20 0
E_s= 138153870.444 
E_f= 138167237.636
L_position, L, L_lay 5 20 1
E_s= 138167237.636 
E_f= 138183940.185
L_position, L, L_lay 5 20 2
E_s= 138183940.185 
E_f= 138193433.279
L_position, L, L_lay 5 20 3
E_s= 138193433.279 
E_f= 138206776.658
L_position, L, L_lay 5 20 4
E_s= 138206776.658 
E_f= 138213479.479
L_position, L, L_lay 6 20 0
E_s= 138213479.479 
E_f= 138214931.42
L_position, L, L_lay 6 20 1
E_s= 138214931.42 
E_f= 138233973.088
L_position, L, L_lay 6 20 2
E_s= 138233973.088 
E_f= 138234314.113
L_position, L, L_lay 6 20 3
E_s= 138234314.113 
E_f= 138246528.931
L_position, L, L_lay 6 20 4
E_s= 138246528.931 
E_f= 138246606.605
L_position, L, L_lay 7 20 0
E_s= 138246606.605 
E_f= 138258291.606
L_position, L, L_lay 7 20 1
E_s= 138258291.606 
E_f= 138276996.348
L_position, L, L_lay 7 20 2
E_s= 138276996.348 
E_f= 138286994.769
L_position, L, L_lay 7 20 3
E_s= 138286994.769 
E_f= 138298123.382
L_position, L, L_lay 7 20 4
E_s= 138298123.382 
E_f= 138306677.344
L_position, L, L_lay 8 20 0
E_s= 138306677.344 
E_f= 138309147.662
L_position, L, L_lay 8 20 1
E_s= 138309147.662 
E_f= 138309741.236
L_position, L, L_lay 8 20 2
E_s= 138309741.236 
E_f= 138310475.064
L_position, L, L_lay 8 20 3
E_s= 138310475.064 
E_f= 138311069.76
L_position, L, L_lay 8 20 4
E_s= 138311069.76 
E_f= 138311285.989
L_position, L, L_lay 9 20 0
E_s= 138311285.989 
E_f= 138311593.705
L_position, L, L_lay 9 20 2
E_s= 138311593.705 
E_f= 138311637.391
L_position, L, L_lay 9 20 4
E_s= 138311637.391 
E_f= 138311643.721
count= 2 Accuracy= 0.00187486414719 E0= 138052328.179 E1= 138311643.721    139270197.801 Loop_iter= 1 Count_list= 96 Variance= 0.914148406511

q_MERA= 0 


trH2= 139270197.801
 E_0=  136779829.801 

L_position, L, L_lay 0 20 0
E_s= 136779829.801 
E_f= 136870366.703
L_position, L, L_lay 0 20 1
E_s= 136870366.703 
E_f= 136872382.486
L_position, L, L_lay 0 20 2
E_s= 136872382.486 
E_f= 136900328.801
L_position, L, L_lay 0 20 3
E_s= 136900328.801 
E_f= 136902333.828
L_position, L, L_lay 0 20 4
E_s= 136902333.828 
E_f= 136910893.19
L_position, L, L_lay 1 20 0
E_s= 136910893.19 
E_f= 136965924.971
L_position, L, L_lay 1 20 1
E_s= 136965924.971 
E_f= 136965924.971
Notoptimized= E > E1, SVD 136965924.971 136965924.971
L_position, L, L_lay 1 20 2
E_s= 136965924.971 
E_f= 136997806.608
L_position, L, L_lay 2 20 0
E_s= 136997806.608 
E_f= 136998348.804
L_position, L, L_lay 2 20 1
E_s= 136998348.804 
E_f= 137012932.249
L_position, L, L_lay 2 20 2
E_s= 137012932.249 
E_f= 137023153.586
L_position, L, L_lay 2 20 3
E_s= 137023153.586 
E_f= 137023714.997
L_position, L, L_lay 2 20 4
E_s= 137023714.997 
E_f= 137024276.084
L_position, L, L_lay 2 20 5
E_s= 137024276.084 
E_f= 137037284.651
L_position, L, L_lay 2 20 6
E_s= 137037284.651 
E_f= 137046751.5
L_position, L, L_lay 2 20 7
E_s= 137046751.5 
E_f= 137047329.858
L_position, L, L_lay 3 20 0
E_s= 137047329.858 
E_f= 137052280.105
L_position, L, L_lay 3 20 1
E_s= 137052280.105 
E_f= 137052280.105
L_position, L, L_lay 3 20 2
E_s= 137052280.105 
E_f= 137057058.205
L_position, L, L_lay 4 20 0
E_s= 137057058.205 
E_f= 137058412.444
L_position, L, L_lay 4 20 1
E_s= 137058412.444 
E_f= 137146075.247
L_position, L, L_lay 4 20 2
E_s= 137146075.247 
E_f= 137250865.627
L_position, L, L_lay 4 20 3
E_s= 137250865.627 
E_f= 137252211.052
L_position, L, L_lay 4 20 4
E_s= 137252211.052 
E_f= 137253548.403
L_position, L, L_lay 4 20 5
E_s= 137253548.403 
E_f= 137282409.475
L_position, L, L_lay 4 20 6
E_s= 137282409.475 
E_f= 137303197.957
L_position, L, L_lay 4 20 7
E_s= 137303197.957 
E_f= 137304520.739
L_position, L, L_lay 5 20 0
E_s= 137304520.739 
E_f= 137342151.231
L_position, L, L_lay 5 20 1
E_s= 137342151.231 
E_f= 137342151.231
Notoptimized= E > E1, SVD 137342151.231 137342151.231
L_position, L, L_lay 5 20 2
E_s= 137342151.231 
E_f= 137369050.1
L_position, L, L_lay 6 20 0
E_s= 137369050.1 
E_f= 137467420.56
L_position, L, L_lay 6 20 1
E_s= 137467420.56 
E_f= 137493619.934
L_position, L, L_lay 6 20 2
E_s= 137493619.934 
E_f= 137540370.893
L_position, L, L_lay 6 20 3
E_s= 137540370.893 
E_f= 137564700.026
L_position, L, L_lay 6 20 4
E_s= 137564700.026 
E_f= 137570644.474
L_position, L, L_lay 6 20 5
E_s= 137570644.474 
E_f= 137591638.502
L_position, L, L_lay 6 20 6
E_s= 137591638.502 
E_f= 137621682.985
L_position, L, L_lay 6 20 7
E_s= 137621682.985 
E_f= 137623115.587
L_position, L, L_lay 7 20 0
E_s= 137623115.587 
E_f= 137641557.045
L_position, L, L_lay 7 20 1
E_s= 137641557.045 
E_f= 137641557.045
L_position, L, L_lay 7 20 2
E_s= 137641557.045 
E_f= 137657403.283
L_position, L, L_lay 8 20 0
E_s= 137657403.283 
E_f= 137748497.146
L_position, L, L_lay 8 20 1
E_s= 137748497.146 
E_f= 137800865.838
L_position, L, L_lay 8 20 2
E_s= 137800865.838 
E_f= 137801486.061
L_position, L, L_lay 8 20 3
E_s= 137801486.061 
E_f= 137829091.983
L_position, L, L_lay 8 20 4
E_s= 137829091.983 
E_f= 137837377.519
L_position, L, L_lay 8 20 5
E_s= 137837377.519 
E_f= 137868781.864
L_position, L, L_lay 8 20 6
E_s= 137868781.864 
E_f= 137869411.463
L_position, L, L_lay 8 20 7
E_s= 137869411.463 
E_f= 137871879.87
L_position, L, L_lay 9 20 0
E_s= 137871879.87 
E_f= 137984367.598
L_position, L, L_lay 9 20 2
E_s= 137984367.598 
E_f= 137984367.599
L_position, L, L_lay 9 20 4
E_s= 137984367.599 
E_f= 138000196.52
count= 1 Accuracy= 1.0 E0= 0 E1= 138000196.52    139270197.801 Loop_iter= 0 Count_list= 52 Variance= 1.21116760326
L_position, L, L_lay 0 20 0
E_s= 138000196.52 
E_f= 138002805.138
L_position, L, L_lay 0 20 1
E_s= 138002805.138 
E_f= 138004700.632
L_position, L, L_lay 0 20 2
E_s= 138004700.632 
E_f= 138005502.346
L_position, L, L_lay 0 20 3
E_s= 138005502.346 
E_f= 138007388.438
L_position, L, L_lay 0 20 4
E_s= 138007388.438 
E_f= 138007633.583
L_position, L, L_lay 1 20 0
E_s= 138007633.583 
E_f= 138025912.06
L_position, L, L_lay 1 20 1
E_s= 138025912.06 
E_f= 138025912.067
L_position, L, L_lay 1 20 2
E_s= 138025912.067 
E_f= 138036454.981
L_position, L, L_lay 2 20 0
E_s= 138036454.981 
E_f= 138037026.735
L_position, L, L_lay 2 20 1
E_s= 138037026.735 
E_f= 138048537.045
L_position, L, L_lay 2 20 2
E_s= 138048537.045 
E_f= 138057190.805
L_position, L, L_lay 2 20 3
E_s= 138057190.805 
E_f= 138057778.274
L_position, L, L_lay 2 20 4
E_s= 138057778.274 
E_f= 138058365.041
L_position, L, L_lay 2 20 5
E_s= 138058365.041 
E_f= 138068599.964
L_position, L, L_lay 2 20 6
E_s= 138068599.964 
E_f= 138076600.997
L_position, L, L_lay 2 20 7
E_s= 138076600.997 
E_f= 138077202.746
L_position, L, L_lay 3 20 0
E_s= 138077202.746 
E_f= 138081775.373
L_position, L, L_lay 3 20 1
E_s= 138081775.373 
E_f= 138081775.373
L_position, L, L_lay 3 20 2
E_s= 138081775.373 
E_f= 138086224.357
L_position, L, L_lay 4 20 0
E_s= 138086224.357 
E_f= 138087516.164
L_position, L, L_lay 4 20 1
E_s= 138087516.164 
E_f= 138096933.225
L_position, L, L_lay 4 20 2
E_s= 138096933.225 
E_f= 138100980.625
L_position, L, L_lay 4 20 3
E_s= 138100980.625 
E_f= 138102271.384
L_position, L, L_lay 4 20 4
E_s= 138102271.384 
E_f= 138103552.976
L_position, L, L_lay 4 20 5
E_s= 138103552.976 
E_f= 138106665.995
L_position, L, L_lay 4 20 6
E_s= 138106665.995 
E_f= 138107458.868
L_position, L, L_lay 4 20 7
E_s= 138107458.868 
E_f= 138108733.426
L_position, L, L_lay 5 20 0
E_s= 138108733.426 
E_f= 138127668.044
L_position, L, L_lay 5 20 1
E_s= 138127668.044 
E_f= 138127668.044
L_position, L, L_lay 5 20 2
E_s= 138127668.044 
E_f= 138141160.553
L_position, L, L_lay 6 20 0
E_s= 138141160.553 
E_f= 138141520.411
L_position, L, L_lay 6 20 1
E_s= 138141520.411 
E_f= 138158193.676
L_position, L, L_lay 6 20 2
E_s= 138158193.676 
E_f= 138177247.899
L_position, L, L_lay 6 20 3
E_s= 138177247.899 
E_f= 138177327.021
L_position, L, L_lay 6 20 4
E_s= 138177327.021 
E_f= 138177346.342
L_position, L, L_lay 6 20 5
E_s= 138177346.342 
E_f= 138190672.982
L_position, L, L_lay 6 20 6
E_s= 138190672.982 
E_f= 138202888.904
L_position, L, L_lay 6 20 7
E_s= 138202888.904 
E_f= 138202892.222
L_position, L, L_lay 7 20 0
E_s= 138202892.222 
E_f= 138216540.229
L_position, L, L_lay 7 20 1
E_s= 138216540.229 
E_f= 138216540.229
L_position, L, L_lay 7 20 2
E_s= 138216540.229 
E_f= 138228218.113
L_position, L, L_lay 8 20 0
E_s= 138228218.113 
E_f= 138228964.433
L_position, L, L_lay 8 20 1
E_s= 138228964.433 
E_f= 138247627.847
L_position, L, L_lay 8 20 2
E_s= 138247627.847 
E_f= 138248216.139
L_position, L, L_lay 8 20 3
E_s= 138248216.139 
E_f= 138248431.721
L_position, L, L_lay 8 20 4
E_s= 138248431.721 
E_f= 138248496.322
L_position, L, L_lay 8 20 5
E_s= 138248496.322 
E_f= 138259621.37
L_position, L, L_lay 8 20 6
E_s= 138259621.37 
E_f= 138260222.416
L_position, L, L_lay 8 20 7
E_s= 138260222.416 
E_f= 138260240.137
L_position, L, L_lay 9 20 0
E_s= 138260240.137 
E_f= 138262444.967
L_position, L, L_lay 9 20 2
E_s= 138262444.967 
E_f= 138262444.982
L_position, L, L_lay 9 20 4
E_s= 138262444.982 
E_f= 138262756.769
count= 2 Accuracy= 0.00189899474903 E0= 138000196.52 E1= 138262756.769    139270197.801 Loop_iter= 1 Count_list= 104 Variance= 0.960770637193
