qq=0some random numbers between -J and J: 8
   4.1448
  -5.9937
  -1.6911
  -0.3274
  -6.4388
  -6.2214
   2.3253
   6.2608
   6.0856
  -5.2172
   3.5056
   0.1571
   3.8479
  -0.7689
  -5.2502
   4.6631
  -6.0431
   4.4694


   2.9452
   4.6439
  -3.0027
  -5.4735
  -1.7526
   1.5612
   0.9634
  -3.0222
  -7.9354
  -2.1829
   4.9409
  -2.5598
  -2.0179
  -0.7905
  -1.2111
  -3.5337
  -7.5994
   5.3537

72.1379
74.2629
Acc=0.481794
Acc=0.339188
Acc=0.259419
Acc=0.203093
Acc=0.16103
Acc=0.129144
Acc=0.104773
Acc=0.0859614
Acc=0.0712695
Acc=0.0596469
Acc=0.0503348
Acc=0.0427844
Acc=0.0365962
Acc=0.0314754
Acc=0.0272023
Acc=0.0236099
Acc=0.0205704
Acc=0.0179839
Acc=0.0157719
Acc=0.0138718
Acc=0.012233
Acc=0.0108146
Acc=0.00958303
Acc=0.00851054
Acc=0.00757409
Acc=0.00675442
Acc=0.00603534
Acc=0.00540317
Acc=0.00484631
Acc=0.00435487
Acc=0.0039204
Acc=0.00353564
Acc=0.00319436
Acc=0.00289116
Acc=0.00262138
Acc=0.00238098
Acc=0.00216645
Acc=0.00197472
Acc=0.00180314
Acc=0.00164936
Acc=0.00151135
Acc=0.00138731
Acc=0.00127568
Acc=0.00117507
Acc=0.00108427
Acc=0.0010022
Acc=0.000927927
Acc=0.00086061
Acc=0.000799512
Acc=0.000743979
Acc=0.000693433
Acc=0.00064736
Acc=0.000605304
Acc=0.00056686
Acc=0.000531668
Acc=0.000499405
Acc=0.000469786
Acc=0.000442556
Acc=0.000417485
Acc=0.00039437
Acc=0.000373029
Acc=0.000353298
Acc=0.000335029
Acc=0.000318092
Acc=0.000302367
Acc=0.000287749
Acc=0.000274141
Acc=0.000261457
Acc=0.000249619
Acc=0.000238557
Acc=0.000228206
Acc=0.00021851
Acc=0.000209415
Acc=0.000200875
Acc=0.000192847
Acc=0.000185291
Acc=0.000178172
Acc=0.000171458
Acc=0.000165118
Acc=0.000159126
Acc=0.000153457
Acc=0.000148089
Num > 40:
TotalIteration=82
   0.0015
   0.0051
   0.0103
   0.0169
   0.0246
   0.0332
   0.0426
   0.0525
   0.0628
   0.0734
   0.0841
   0.0949
   0.1054
   0.1158
   0.1258
   0.1354
   0.1444
   0.1528
   0.1605
   0.1675
   0.1737
   0.1790
   0.1834
   0.1869
   0.1895
   0.1910
   0.1916
   0.1912
   0.1899
   0.1875
   0.1843
   0.1801
   0.1751
   0.1692
   0.1625
   0.1552
   0.1472
   0.1386
   0.1296
   0.1202
   0.1105
   0.1007
   0.0909
   0.0812
   0.0718
   0.0627
   0.0543
   0.0466
   0.0399
   0.0343
   0.0300
   0.0272
   0.0260
   0.0265
   0.0287
   0.0325
   0.0376
   0.0441
   0.0516
   0.0600
   0.0691
   0.0788
   0.0889
   0.0992
   0.1097
   0.1202
   0.1305
   0.1406
   0.1504
   0.1597
   0.1685
   0.1767
   0.1842
   0.1910
   0.1970
   0.2021
   0.2064
   0.2098
   0.2122
   0.2137
   0.2143
   0.2139
   0.2125
   0.2103
   0.2071
   0.2031
   0.1983
   0.1927
   0.1864
   0.1794
   0.1720
   0.1640
   0.1557
   0.1471
   0.1383
   0.1296
   0.1209
   0.1125
   0.1044
   0.0968
   0.0899
   0.0838
   0.0787
   0.0746
   0.0716
   0.0700
   0.0696
   0.0706
   0.0729
   0.0764
   0.0811
   0.0869
   0.0936
   0.1012
   0.1094
   0.1182
   0.1274
   0.1369
   0.1465
   0.1561
   0.1655
   0.1748
   0.1838
   0.1923
   0.2004
   0.2078
   0.2146
   0.2207
   0.2260
   0.2305
   0.2341
   0.2369
   0.2387
   0.2397
   0.2397
   0.2388
   0.2370
   0.2344
   0.2309
   0.2266
   0.2216
   0.2159
   0.2095
   0.2025
   0.1951
   0.1873
   0.1791
   0.1708
   0.1623
   0.1539
   0.1456
   0.1376
   0.1300
   0.1229
   0.1165
   0.1108
   0.1060
   0.1023
   0.0996
   0.0981
   0.0977
   0.0986
   0.1006
   0.1038
   0.1081
   0.1134
   0.1196
   0.1265
   0.1341
   0.1421
   0.1506
   0.1593
   0.1681
   0.1769
   0.1855
   0.1940
   0.2021
   0.2097
   0.2169
   0.2235
   0.2294
   0.2346
   0.2390
   0.2426
   0.2454
   0.2473
   0.2484
   0.2485
   0.2478
   0.2462
   0.2437
   0.2403
   0.2361
   0.2312
   0.2255
   0.2192
   0.2122
   0.2047
   0.1968
   0.1884
   0.1798
   0.1709
   0.1620
   0.1531
   0.1444
   0.1360
   0.1280
   0.1206
   0.1138
   0.1078
   0.1028
   0.0988
   0.0959
   0.0942
   0.0938
   0.0945
   0.0965
   0.0997
   0.1039
   0.1091
   0.1152
   0.1220
   0.1294
   0.1372
   0.1454
   0.1538
   0.1623
   0.1707
   0.1790
   0.1869
   0.1946
   0.2017
   0.2083
   0.2143
   0.2196
   0.2242
   0.2280
   0.2310
   0.2331
   0.2343
   0.2346
   0.2341
   0.2326
   0.2302
   0.2269
   0.2228
   0.2179
   0.2121
   0.2056
   0.1984
   0.1905
   0.1821
   0.1732
   0.1639
   0.1543
   0.1446
   0.1347
   0.1249
   0.1153
   0.1060
   0.0972
   0.0890
   0.0815
   0.0750
   0.0695
   0.0652
   0.0622
   0.0605
   0.0602
   0.0613
   0.0638
   0.0675
   0.0724
   0.0782
   0.0850
   0.0924
   0.1005
   0.1089
   0.1177
   0.1265
   0.1354
   0.1442
   0.1528
   0.1610
   0.1688
   0.1761
   0.1827
   0.1888
   0.1940
   0.1985
   0.2022
   0.2050
   0.2069
   0.2078
   0.2078
   0.2069
   0.2050
   0.2021
   0.1983
   0.1936
   0.1881
   0.1817
   0.1745
   0.1666
   0.1580
   0.1489
   0.1392
   0.1291
   0.1188
   0.1082
   0.0975
   0.0869
   0.0765
   0.0664
   0.0568
   0.0478
   0.0397
   0.0326
   0.0267
   0.0222
   0.0192
   0.0181
   0.0187
   0.0210
   0.0249
   0.0302
   0.0368
   0.0443
   0.0527
   0.0617
   0.0712
   0.0809
   0.0909
   0.1009
   0.1108
   0.1205
   0.1299
   0.1389
   0.1474
   0.1552
   0.1624
   0.1689
   0.1745
   0.1793
   0.1832
   0.1862
   0.1882
   0.1892
   0.1893
   0.1883
   0.1864
   0.1835
   0.1796
   0.1749
   0.1692
   0.1627
   0.1555
   0.1475
   0.1389
   0.1297
   0.1200
   0.1099
   0.0996
   0.0891
   0.0785
   0.0681
   0.0578
   0.0479
   0.0385
   0.0298
   0.0220
   0.0151
   0.0096
   0.0056
   0.0035
   0.0037
   0.0061
   0.0103
   0.0161
   0.0232
   0.0313
   0.0403
   0.0499
   0.0600
   0.0705
   0.0812
   0.0920
   0.1027
   0.1132
   0.1235
   0.1333
   0.1427
   0.1516
   0.1597
   0.1672
   0.1738
   0.1797
   0.1846
   0.1887
   0.1918
   0.1939
   0.1951
   0.1953
   0.1945
   0.1928
   0.1901
   0.1865
   0.1821
   0.1768
   0.1707
   0.1639
   0.1564
   0.1484
   0.1399
   0.1309
   0.1217
   0.1123
   0.1029
   0.0935
   0.0843
   0.0755
   0.0671
   0.0594
   0.0526
   0.0468
   0.0421
   0.0388
   0.0369
   0.0365
   0.0377
   0.0405
   0.0447
   0.0502
   0.0568
   0.0645
   0.0730
   0.0822
   0.0919
   0.1019
   0.1122
   0.1225
   0.1328
   0.1429
   0.1527
   0.1621
   0.1711
   0.1795
   0.1873
   0.1943
   0.2006
   0.2061
   0.2108
   0.2145
   0.2174
   0.2193
   0.2204
   0.2204
   0.2196
   0.2179
   0.2152
   0.2118
   0.2075
   0.2024
   0.1966
   0.1901
   0.1831
   0.1756
   0.1676
   0.1594
   0.1509
   0.1423
   0.1337
   0.1252
   0.1171
   0.1094
   0.1022
   0.0957
   0.0901
   0.0855
   0.0819
   0.0795
   0.0784
   0.0786
   0.0801
   0.0828
   0.0868
   0.0919
   0.0979
   0.1049
   0.1126
   0.1209
   0.1296
   0.1387
   0.1480
   0.1574
   0.1667
   0.1759
   0.1847
   0.1933
   0.2013
   0.2089
   0.2158
   0.2221
   0.2276
   0.2324
   0.2363
   0.2394
   0.2417
   0.2431
   0.2435
   0.2431
   0.2418
   0.2396
   0.2366
   0.2327
   0.2281
   0.2227
   0.2167
   0.2100
   0.2028
   0.1951
   0.1871
   0.1788
   0.1703
   0.1618
   0.1533
   0.1451
   0.1371
   0.1297
   0.1228
   0.1167
   0.1113
   0.1070
   0.1037
   0.1015
   0.1005
   0.1006
   0.1020
   0.1045
   0.1081
   0.1127
   0.1182
   0.1246
   0.1316
   0.1392
   0.1472
   0.1556
   0.1641
   0.1727
   0.1812
   0.1895
   0.1976
   0.2054
   0.2126
   0.2194
   0.2255
   0.2310
   0.2358
   0.2398
   0.2429
   0.2453
   0.2467
   0.2473
   0.2470
   0.2457
   0.2436
   0.2406
   0.2368
   0.2322
   0.2267
   0.2206
   0.2138
   0.2064
   0.1985
   0.1902
   0.1815
   0.1725
   0.1635
   0.1544
   0.1454
   0.1367
   0.1283
   0.1204
   0.1132
   0.1067
   0.1010
   0.0964
   0.0928
   0.0904
   0.0892
   0.0892
   0.0904
   0.0928
   0.0964
   0.1009
   0.1064
   0.1127
   0.1197
   0.1273
   0.1352
   0.1435
   0.1519
   0.1604
   0.1687
   0.1769
   0.1847
   0.1922
   0.1991
   0.2055
   0.2113
   0.2163
   0.2205
   0.2240
   0.2266
   0.2283
   0.2291
   0.2290
   0.2279
   0.2260
   0.2231
   0.2193
   0.2147
   0.2092
   0.2030
   0.1960
   0.1884
   0.1801
   0.1714
   0.1622
   0.1526
   0.1428
   0.1329
   0.1229
   0.1130
   0.1034
   0.0942
   0.0855
   0.0774
   0.0702
   0.0640
   0.0588
   0.0549
   0.0523
   0.0512
   0.0515
   0.0532
   0.0562
   0.0605
   0.0660
   0.0724
   0.0796
   0.0876
   0.0960
   0.1048
   0.1139
   0.1230
   0.1320
   0.1409
   0.1496
   0.1578
   0.1655
   0.1727
   0.1792
   0.1850
   0.1901
   0.1943
   0.1976
   0.2001
   0.2016
   0.2021
   0.2017
   0.2004
   0.1981
   0.1948
   0.1907
   0.1856
   0.1797
   0.1730
   0.1655
   0.1573
   0.1485
   0.1391
   0.1293
   0.1191
   0.1086
   0.0980
   0.0873
   0.0767
   0.0663
   0.0563
   0.0468
   0.0380
   0.0300
   0.0232
   0.0176
   0.0136
   0.0114
   0.0112
   0.0129
   0.0163
   0.0213
   0.0276
   0.0351
   0.0434
   0.0524
   0.0620
   0.0719
   0.0821
   0.0924
   0.1026
   0.1126
   0.1224
   0.1317
   0.1407
   0.1490
   0.1567
   0.1637
   0.1699
   0.1752
   0.1797
   0.1833
   0.1860
   0.1877
   0.1884
   0.1881
   0.1869
   0.1847
   0.1815
   0.1774
   0.1725
   0.1666
   0.1600
   0.1526
   0.1445
   0.1358
   0.1265
   0.1169
   0.1068
   0.0966
   0.0862
   0.0759
   0.0657
   0.0558
   0.0464
   0.0375
   0.0295
   0.0224
   0.0166
   0.0121
   0.0094
   0.0086
   0.0099
   0.0130
   0.0179
   0.0242
   0.0317
   0.0401
   0.0493
   0.0591
   0.0694
   0.0799
   0.0906
   0.1013
   0.1119
   0.1222
   0.1323
   0.1419
   0.1510
   0.1596
   0.1674
   0.1746
   0.1809
   0.1864
   0.1911
   0.1948
   0.1976
   0.1994
   0.2003
   0.2002
   0.1991
   0.1971
   0.1942
   0.1903
   0.1856
   0.1801
   0.1739
   0.1670
   0.1594
   0.1513
   0.1428
   0.1339
   0.1248
   0.1155
   0.1063
   0.0973
   0.0885
   0.0802
   0.0724
   0.0654
   0.0594
   0.0544
   0.0506
   0.0481
   0.0471
   0.0475
   0.0493
   0.0526
   0.0572
   0.0630
   0.0698
   0.0776
   0.0861
   0.0952
   0.1047
   0.1146
   0.1246
   0.1347
   0.1447
   0.1545
   0.1640
   0.1731
   0.1817
   0.1898
   0.1972
   0.2039
   0.2098
   0.2149
   0.2191
   0.2225
   0.2250
   0.2265
   0.2271
   0.2268
   0.2255
   0.2234
   0.2203
   0.2165
   0.2118
   0.2064
   0.2003
   0.1937
   0.1864
   0.1787
   0.1707
   0.1624
   0.1539
   0.1455
   0.1371
   0.1289
   0.1211
   0.1137
   0.1070
   0.1010
   0.0959
   0.0918
   0.0887
   0.0869
   0.0862
   0.0868
   0.0887
   0.0917
   0.0959
   0.1011
   0.1073
   0.1143
   0.1220
   0.1303
   0.1390
   0.1480
   0.1572
   0.1664
   0.1755
   0.1844
   0.1931
   0.2013
   0.2091
   0.2163
   0.2228
   0.2287
   0.2338
   0.2381
   0.2415
   0.2441
   0.2459
   0.2467
   0.2466
   0.2457
   0.2438
   0.2411
   0.2376
   0.2333
   0.2282
   0.2224
   0.2160
   0.2090
   0.2015
   0.1936
   0.1854
   0.1770
   0.1684
   0.1598
   0.1514
   0.1431
   0.1353
   0.1279
   0.1212
   0.1152
   0.1101
   0.1059
   0.1029
   0.1009
   0.1002
   0.1006
   0.1023
   0.1051
   0.1090
   0.1140
   0.1198
   0.1264
   0.1337
   0.1414
   0.1496
   0.1580
   0.1666
   0.1752
   0.1836
   0.1919
   0.1998
   0.2073
   0.2143
   0.2207
   0.2265
   0.2315
   0.2359
   0.2394
   0.2421
   0.2439
   0.2449
   0.2449
   0.2441
   0.2424
   0.2398
   0.2363
   0.2320
   0.2270
   0.2211
   0.2146
   0.2074
   0.1997
   0.1914
   0.1828
   0.1738
   0.1646
   0.1552
   0.1459
   0.1368
   0.1278
   0.1193
   0.1114
   0.1041
   0.0976
   0.0921
   0.0876
   0.0843
   0.0822
   0.0814
   0.0819
   0.0836
   0.0866
   0.0907
   0.0958
   0.1018
   0.1086
   0.1160
   0.1239
   0.1321
   0.1406
   0.1491
   0.1576
   0.1660
   0.1741
   0.1818
   0.1891
   0.1958
   0.2019
   0.2074
   0.2121
   0.2160
   0.2191
   0.2214
   0.2227
   0.2231
   0.2226
   0.2212
   0.2188
   0.2155
   0.2114
   0.2063
   0.2005
   0.1938

