some random numbers between -J and J: 
   15.0596
   12.3524
  -14.1841
   -1.4470
   14.9382
   10.7633


  -4.4326
  -6.6448
   5.6098
   1.8005
  -3.7468
  -5.6775

150.786
162.786
162.786
159.786
error=9.999999999999972
ET=149.7855079848652
E1=151.5866321237814
E2=151.5866321237814
E3=154.9028676737107
E4=158.6902049565706
error=1.09530302829458
ET=158.6902049565706
E1=158.7063538655208
E2=158.7063538655208
E3=159.1057593522735
E4=159.1607569367466
error=0.6247510481185259
ET=159.1607569367466
E1=159.160846423154
E2=159.1608464249869
E3=159.2920297375029
E4=159.2920318695379
error=0.4934761153272689
ET=159.2920318695379
E1=159.2920736870675
E2=159.2920736870792
E3=159.3261335603329
E4=159.3261336725456
error=0.4593743123195395
ET=159.3261336725456
E1=159.3261345934721
E2=159.3261345954504
E3=159.3347810047566
E4=159.33478100681
error=0.4507269780551155
ET=159.33478100681
E1=159.3347857914655
E2=159.3347857938653
E3=159.3369598003681
E4=159.3369598093051
error=0.4485481755600631
ET=159.3369598093051
E1=159.3369603141837
E2=159.3369603384155
E3=159.3372434632145
E4=159.3372434641155
error=0.4482645207496887
ET=159.3372434641155
E1=159.3372435431922
E2=159.3372435434079
E3=159.3372819411275
E4=159.3372819412343
error=0.4482260436308536
ET=159.3372819412343
E1=159.3372819505846
E2=159.3372819507512
E3=159.3372876713416
E4=159.3372876713559
error=0.4482203135092959
ET=159.3372876713559
E1=159.3372876720781
E2=159.3372876720791
E3=159.337288417931
E4=159.3372884179314
error=0.4482195669337159
ET=159.3372884179314
E1=159.3372884181354
E2=159.3372884181432
E3=159.3372885152999
E4=159.3372885152999

TotalIteration=10

error: Mat::operator(): index out of bounds

terminate called after throwing an instance of 'std::logic_error'
  what():  Mat::operator(): index out of bounds
